<?xml version="1.0" encoding="UTF-8"?>
<testng-results skipped="0" failed="0" ignored="0" total="2" passed="2">
  <reporter-output>
  </reporter-output>
  <suite name="Suite" duration-ms="62029" started-at="2019-06-18T12:46:23Z" finished-at="2019-06-18T12:47:25Z">
    <groups>
    </groups>
    <test name="Test" duration-ms="62029" started-at="2019-06-18T12:46:23Z" finished-at="2019-06-18T12:47:25Z">
      <class name="org.cts.oneframework.sikuli.Tests">
        <test-method status="PASS" signature="verifyTicketBook(java.util.Map)[pri:0, instance:org.cts.oneframework.sikuli.Tests@1e127982]" name="verifyTicketBook" duration-ms="47171" started-at="2019-06-18T12:46:23Z" data-provider="data" finished-at="2019-06-18T12:47:10Z">
          <params>
            <param index="0">
              <value>
                <![CDATA[{From=CHENNAI, To=MADURAI}]]>
              </value>
            </param>
          </params>
          <reporter-output>
          </reporter-output>
        </test-method> <!-- verifyTicketBook -->
        <test-method status="PASS" signature="fileUpload()[pri:1, instance:org.cts.oneframework.sikuli.Tests@1e127982]" name="fileUpload" duration-ms="14248" started-at="2019-06-18T12:47:10Z" finished-at="2019-06-18T12:47:25Z">
          <reporter-output>
          </reporter-output>
        </test-method> <!-- fileUpload -->
        <test-method status="PASS" signature="stopDriverService()[pri:0, instance:org.cts.oneframework.sikuli.Tests@1e127982]" name="stopDriverService" is-config="true" duration-ms="1854" started-at="2019-06-18T12:47:25Z" finished-at="2019-06-18T12:47:27Z">
          <reporter-output>
          </reporter-output>
        </test-method> <!-- stopDriverService -->
      </class> <!-- org.cts.oneframework.sikuli.Tests -->
    </test> <!-- Test -->
  </suite> <!-- Suite -->
</testng-results>
